[17:20:56] [Server thread/INFO]: Starting minecraft server version 1.7.2
[17:20:56] [Server thread/INFO]: Loading properties
[17:20:56] [Server thread/INFO]: Default game type: SURVIVAL
[17:20:56] [Server thread/INFO]: This server is running CraftBukkit version git-Spigot-1237 (MC: 1.7.2) (Implementing API version 1.7.2-R0.3-SNAPSHOT)
[17:20:56] [Server thread/INFO]: Using 4 threads for Netty based IO
[17:20:56] [Server thread/INFO]: Generating keypair
[17:20:57] [Server thread/INFO]: Starting Minecraft server on *:25565
[17:20:57] [Server thread/INFO]: Preparing level "world"
[17:20:57] [Server thread/INFO]: -------- World Settings For [world] --------
[17:20:57] [Server thread/INFO]: Chunks to Grow per Tick: 650
[17:20:57] [Server thread/INFO]: Experience Merge Radius: 3.0
[17:20:57] [Server thread/INFO]: View Distance: 10
[17:20:57] [Server thread/INFO]: Nerfing mobs spawned from spawners false
[17:20:57] [Server thread/INFO]: Mob Spawn Range: 4
[17:20:57] [Server thread/INFO]: Item Despawn Rate: 6000
[17:20:57] [Server thread/INFO]: Arrow Despawn Rate: 1200
[17:20:57] [Server thread/INFO]: Zombie Aggressive Towards Villager: true
[17:20:57] [Server thread/INFO]: Item Merge Radius: 2.5
[17:20:57] [Server thread/INFO]: Hopper Transfer: 8 Hopper Check: 8
[17:20:57] [Server thread/INFO]: Anti X-Ray: true
[17:20:57] [Server thread/INFO]: 	Engine Mode: 1
[17:20:57] [Server thread/INFO]: 	Hidden Blocks: [14, 15, 16, 21, 48, 49, 54, 56, 73, 74, 82, 129, 130]
[17:20:57] [Server thread/INFO]: 	Replace Blocks: [1, 5]
[17:20:57] [Server thread/INFO]: Random Lighting Updates: false
[17:20:57] [Server thread/INFO]: Cactus Growth Modifier: 100%
[17:20:57] [Server thread/INFO]: Cane Growth Modifier: 100%
[17:20:57] [Server thread/INFO]: Melon Growth Modifier: 100%
[17:20:57] [Server thread/INFO]: Mushroom Growth Modifier: 100%
[17:20:57] [Server thread/INFO]: Pumpkin Growth Modifier: 100%
[17:20:57] [Server thread/INFO]: Sapling Growth Modifier: 100%
[17:20:57] [Server thread/INFO]: Wheat Growth Modifier: 100%
[17:20:57] [Server thread/INFO]: Structure Info Saving: true
[17:20:57] [Server thread/INFO]: Entity Activation Range: An 32 / Mo 32 / Mi 16
[17:20:57] [Server thread/INFO]: Entity Tracking Range: Pl 48 / An 48 / Mo 48 / Mi 32 / Other 64
[17:20:57] [Server thread/INFO]: -------- World Settings For [world_nether] --------
[17:20:57] [Server thread/INFO]: Chunks to Grow per Tick: 650
[17:20:57] [Server thread/INFO]: Experience Merge Radius: 3.0
[17:20:57] [Server thread/INFO]: View Distance: 10
[17:20:57] [Server thread/INFO]: Nerfing mobs spawned from spawners false
[17:20:57] [Server thread/INFO]: Mob Spawn Range: 4
[17:20:57] [Server thread/INFO]: Item Despawn Rate: 6000
[17:20:57] [Server thread/INFO]: Arrow Despawn Rate: 1200
[17:20:57] [Server thread/INFO]: Zombie Aggressive Towards Villager: true
[17:20:57] [Server thread/INFO]: Item Merge Radius: 2.5
[17:20:57] [Server thread/INFO]: Hopper Transfer: 8 Hopper Check: 8
[17:20:57] [Server thread/INFO]: Anti X-Ray: true
[17:20:57] [Server thread/INFO]: 	Engine Mode: 1
[17:20:57] [Server thread/INFO]: 	Hidden Blocks: [14, 15, 16, 21, 48, 49, 54, 56, 73, 74, 82, 129, 130]
[17:20:57] [Server thread/INFO]: 	Replace Blocks: [1, 5]
[17:20:57] [Server thread/INFO]: Random Lighting Updates: false
[17:20:57] [Server thread/INFO]: Cactus Growth Modifier: 100%
[17:20:57] [Server thread/INFO]: Cane Growth Modifier: 100%
[17:20:57] [Server thread/INFO]: Melon Growth Modifier: 100%
[17:20:57] [Server thread/INFO]: Mushroom Growth Modifier: 100%
[17:20:57] [Server thread/INFO]: Pumpkin Growth Modifier: 100%
[17:20:57] [Server thread/INFO]: Sapling Growth Modifier: 100%
[17:20:57] [Server thread/INFO]: Wheat Growth Modifier: 100%
[17:20:57] [Server thread/INFO]: Structure Info Saving: true
[17:20:57] [Server thread/INFO]: Entity Activation Range: An 32 / Mo 32 / Mi 16
[17:20:57] [Server thread/INFO]: Entity Tracking Range: Pl 48 / An 48 / Mo 48 / Mi 32 / Other 64
[17:20:57] [Server thread/INFO]: -------- World Settings For [world_the_end] --------
[17:20:57] [Server thread/INFO]: Chunks to Grow per Tick: 650
[17:20:57] [Server thread/INFO]: Experience Merge Radius: 3.0
[17:20:57] [Server thread/INFO]: View Distance: 10
[17:20:57] [Server thread/INFO]: Nerfing mobs spawned from spawners false
[17:20:57] [Server thread/INFO]: Mob Spawn Range: 4
[17:20:57] [Server thread/INFO]: Item Despawn Rate: 6000
[17:20:57] [Server thread/INFO]: Arrow Despawn Rate: 1200
[17:20:57] [Server thread/INFO]: Zombie Aggressive Towards Villager: true
[17:20:57] [Server thread/INFO]: Item Merge Radius: 2.5
[17:20:57] [Server thread/INFO]: Hopper Transfer: 8 Hopper Check: 8
[17:20:57] [Server thread/INFO]: Anti X-Ray: true
[17:20:57] [Server thread/INFO]: 	Engine Mode: 1
[17:20:57] [Server thread/INFO]: 	Hidden Blocks: [14, 15, 16, 21, 48, 49, 54, 56, 73, 74, 82, 129, 130]
[17:20:57] [Server thread/INFO]: 	Replace Blocks: [1, 5]
[17:20:57] [Server thread/INFO]: Random Lighting Updates: false
[17:20:57] [Server thread/INFO]: Cactus Growth Modifier: 100%
[17:20:57] [Server thread/INFO]: Cane Growth Modifier: 100%
[17:20:57] [Server thread/INFO]: Melon Growth Modifier: 100%
[17:20:57] [Server thread/INFO]: Mushroom Growth Modifier: 100%
[17:20:57] [Server thread/INFO]: Pumpkin Growth Modifier: 100%
[17:20:57] [Server thread/INFO]: Sapling Growth Modifier: 100%
[17:20:57] [Server thread/INFO]: Wheat Growth Modifier: 100%
[17:20:57] [Server thread/INFO]: Structure Info Saving: true
[17:20:57] [Server thread/INFO]: Entity Activation Range: An 32 / Mo 32 / Mi 16
[17:20:57] [Server thread/INFO]: Entity Tracking Range: Pl 48 / An 48 / Mo 48 / Mi 32 / Other 64
[17:20:57] [Server thread/INFO]: Preparing start region for level 0 (Seed: -7434515008393675597)
[17:20:58] [Server thread/INFO]: Preparing spawn area: 5%
[17:20:59] [Server thread/INFO]: Preparing spawn area: 11%
[17:21:00] [Server thread/INFO]: Preparing spawn area: 23%
[17:21:01] [Server thread/INFO]: Preparing spawn area: 37%
[17:21:02] [Server thread/INFO]: Preparing spawn area: 51%
[17:21:03] [Server thread/INFO]: Preparing spawn area: 64%
[17:21:04] [Server thread/INFO]: Preparing spawn area: 78%
[17:21:05] [Server thread/INFO]: Preparing spawn area: 92%
[17:21:06] [Server thread/INFO]: Preparing start region for level 1 (Seed: -7434515008393675597)
[17:21:07] [Server thread/INFO]: Preparing spawn area: 20%
[17:21:08] [Server thread/INFO]: Preparing spawn area: 37%
[17:21:09] [Server thread/INFO]: Preparing spawn area: 59%
[17:21:10] [Server thread/INFO]: Preparing spawn area: 81%
[17:21:10] [Server thread/INFO]: Preparing start region for level 2 (Seed: -7434515008393675597)
[17:21:11] [Server thread/INFO]: Preparing spawn area: 53%
[17:21:12] [Server thread/INFO]: Done (15,570s)! For help, type "help" or "?"
[20:17:43] [User Authenticator #1/INFO]: UUID of player pepiepv is c75e7b66bc9a4caeb2166a778637e0d5
[20:17:44] [Server thread/INFO]: pepiepv[/84.82.10.26:65184] logged in with entity id 2368 at ([world] 169.5, 63.0, 251.5)
[20:18:05] [Server thread/INFO]: pepiepv issued server command: /gamemode 1
[20:18:49] [Server thread/INFO]: pepiepv has just earned the achievement [Taking Inventory]
[20:26:52] [Server thread/INFO]: pepiepv lost connection: Disconnected
[20:26:52] [Server thread/INFO]: pepiepv left the game.
